Arguments: 
  /home/nabeel/.nvm/versions/node/v16.20.2/bin/node /usr/share/yarn/bin/yarn.js

PATH: 
  /home/nabeel/.nvm/versions/node/v16.20.2/bin:/usr/local/sbin:/usr/local/bin:/usr/sbin:/usr/bin:/sbin:/bin:/usr/games:/usr/local/games:/snap/bin

Yarn version: 
  1.22.19

Node version: 
  16.20.2

Platform: 
  linux x64

Trace: 
  Error: connect ENETUNREACH 2606:4700::6810:1b22:443 - Local (:::0)
      at internalConnect (node:net:1041:16)
      at defaultTriggerAsyncIdScope (node:internal/async_hooks:464:18)
      at emitLookup (node:net:1187:9)
      at /usr/share/yarn/lib/cli.js:103606:29
      at /usr/share/yarn/lib/cli.js:103452:25
      at RawTask.module.exports.RawTask.call (/usr/share/yarn/lib/cli.js:79584:19)
      at flush (/usr/share/yarn/lib/cli.js:79666:29)
      at processTicksAndRejections (node:internal/process/task_queues:78:11)

npm manifest: 
  {
    "name": "my-app",
    "version": "0.1.0",
    "private": true,
    "dependencies": {
      "@coreui/react": "^4.9.2",
      "@emotion/react": "^11.11.1",
      "@emotion/styled": "^11.11.0",
      "@mui/icons-material": "^5.14.7",
      "@mui/material": "^5.14.7",
      "@mui/styled-engine-sc": "^5.14.7",
      "@testing-library/jest-dom": "^5.17.0",
      "@testing-library/react": "^13.4.0",
      "@testing-library/user-event": "^13.5.0",
      "hover-carousel": "^1.1.0",
      "react": "^18.2.0",
      "react-dom": "^18.2.0",
      "react-responsive-carousel": "^3.2.23",
      "react-router-dom": "^6.16.0",
      "react-scripts": "5.0.1",
      "scroll-carousel-react": "^1.0.0",
      "styled-components": "^5.3.11",
      "web-vitals": "^2.1.4"
    },
    "scripts": {
      "start": "react-scripts start",
      "build": "react-scripts build",
      "test": "react-scripts test",
      "eject": "react-scripts eject"
    },
    "eslintConfig": {
      "extends": [
        "react-app",
        "react-app/jest"
      ]
    },
    "browserslist": {
      "production": [
        ">0.2%",
        "not dead",
        "not op_mini all"
      ],
      "development": [
        "last 1 chrome version",
        "last 1 firefox version",
        "last 1 safari version"
      ]
    }
  }

yarn manifest: 
  No manifest

Lockfile: 
  No lockfile
